<?xml version="1.0" encoding="UTF-8"?>
<testng-results skipped="0" failed="1" total="2" passed="1">
  <reporter-output>
  </reporter-output>
  <suite name="Suite" duration-ms="29864" started-at="2019-12-10T05:03:36Z" finished-at="2019-12-10T05:04:05Z">
    <groups>
    </groups>
    <test name="Exercise2" duration-ms="29864" started-at="2019-12-10T05:03:36Z" finished-at="2019-12-10T05:04:05Z">
      <class name="com.rubikloud.qa.test.CarbonImpactPageTest">
        <test-method status="PASS" signature="setUp()[pri:0, instance:com.rubikloud.qa.test.CarbonImpactPageTest@7a0ac6e3]" name="setUp" is-config="true" duration-ms="9046" started-at="2019-12-10T00:03:55Z" finished-at="2019-12-10T00:04:04Z">
          <reporter-output>
          </reporter-output>
        </test-method> <!-- setUp -->
        <test-method status="FAIL" signature="co2SavedRankingTest()[pri:1, instance:com.rubikloud.qa.test.CarbonImpactPageTest@7a0ac6e3]" name="co2SavedRankingTest" duration-ms="405" started-at="2019-12-10T00:04:04Z" finished-at="2019-12-10T00:04:05Z">
          <exception class="java.lang.AssertionError">
            <message>
              <![CDATA[Canada is not #2 in terms of 'CO2 saved by owners' expected [true] but found [false]]]>
            </message>
            <full-stacktrace>
              <![CDATA[java.lang.AssertionError: Canada is not #2 in terms of 'CO2 saved by owners' expected [true] but found [false]
	at org.testng.Assert.fail(Assert.java:94)
	at org.testng.Assert.failNotEquals(Assert.java:513)
	at org.testng.Assert.assertEqualsImpl(Assert.java:135)
	at org.testng.Assert.assertEquals(Assert.java:116)
	at org.testng.Assert.assertEquals(Assert.java:305)
	at com.rubikloud.qa.test.CarbonImpactPageTest.co2SavedRankingTest(CarbonImpactPageTest.java:29)
	at sun.reflect.NativeMethodAccessorImpl.invoke0(Native Method)
	at sun.reflect.NativeMethodAccessorImpl.invoke(NativeMethodAccessorImpl.java:62)
	at sun.reflect.DelegatingMethodAccessorImpl.invoke(DelegatingMethodAccessorImpl.java:43)
	at java.lang.reflect.Method.invoke(Method.java:498)
	at org.testng.internal.MethodInvocationHelper.invokeMethod(MethodInvocationHelper.java:86)
	at org.testng.internal.Invoker.invokeMethod(Invoker.java:645)
	at org.testng.internal.Invoker.invokeTestMethod(Invoker.java:822)
	at org.testng.internal.Invoker.invokeTestMethods(Invoker.java:1130)
	at org.testng.internal.TestMethodWorker.invokeTestMethods(TestMethodWorker.java:129)
	at org.testng.internal.TestMethodWorker.run(TestMethodWorker.java:112)
	at org.testng.TestRunner.privateRun(TestRunner.java:782)
	at org.testng.TestRunner.run(TestRunner.java:632)
	at org.testng.SuiteRunner.runTest(SuiteRunner.java:366)
	at org.testng.SuiteRunner.runSequentially(SuiteRunner.java:361)
	at org.testng.SuiteRunner.privateRun(SuiteRunner.java:319)
	at org.testng.SuiteRunner.run(SuiteRunner.java:268)
	at org.testng.SuiteRunnerWorker.runSuite(SuiteRunnerWorker.java:52)
	at org.testng.SuiteRunnerWorker.run(SuiteRunnerWorker.java:86)
	at org.testng.TestNG.runSuitesSequentially(TestNG.java:1244)
	at org.testng.TestNG.runSuitesLocally(TestNG.java:1169)
	at org.testng.TestNG.run(TestNG.java:1064)
	at org.testng.remote.RemoteTestNG.run(RemoteTestNG.java:113)
	at org.testng.remote.RemoteTestNG.initAndRun(RemoteTestNG.java:206)
	at org.testng.remote.RemoteTestNG.main(RemoteTestNG.java:177)
]]>
            </full-stacktrace>
          </exception> <!-- java.lang.AssertionError -->
          <reporter-output>
          </reporter-output>
        </test-method> <!-- co2SavedRankingTest -->
        <test-method status="PASS" signature="tearDown()[pri:0, instance:com.rubikloud.qa.test.CarbonImpactPageTest@7a0ac6e3]" name="tearDown" is-config="true" duration-ms="796" started-at="2019-12-10T00:04:05Z" finished-at="2019-12-10T00:04:05Z">
          <reporter-output>
          </reporter-output>
        </test-method> <!-- tearDown -->
      </class> <!-- com.rubikloud.qa.test.CarbonImpactPageTest -->
      <class name="com.rubikloud.qa.test.AutopilotPageTest">
        <test-method status="PASS" signature="setUp()[pri:0, instance:com.rubikloud.qa.test.AutopilotPageTest@59a6e353]" name="setUp" is-config="true" duration-ms="16824" started-at="2019-12-10T00:03:36Z" finished-at="2019-12-10T00:03:52Z">
          <reporter-output>
          </reporter-output>
        </test-method> <!-- setUp -->
        <test-method status="PASS" signature="priceIncrementTest()[pri:1, instance:com.rubikloud.qa.test.AutopilotPageTest@59a6e353]" name="priceIncrementTest" duration-ms="2087" started-at="2019-12-10T00:03:52Z" finished-at="2019-12-10T00:03:55Z">
          <reporter-output>
          </reporter-output>
        </test-method> <!-- priceIncrementTest -->
        <test-method status="PASS" signature="tearDown()[pri:0, instance:com.rubikloud.qa.test.AutopilotPageTest@59a6e353]" name="tearDown" is-config="true" duration-ms="691" started-at="2019-12-10T00:03:55Z" finished-at="2019-12-10T00:03:55Z">
          <reporter-output>
          </reporter-output>
        </test-method> <!-- tearDown -->
      </class> <!-- com.rubikloud.qa.test.AutopilotPageTest -->
    </test> <!-- Exercise2 -->
  </suite> <!-- Suite -->
</testng-results>
